0 info it worked if it ends with ok
1 verbose cli [ '/usr/local/bin/node',
1 verbose cli   '/usr/local/bin/npm',
1 verbose cli   'publish',
1 verbose cli   '--tag',
1 verbose cli   'latest' ]
2 info using npm@3.10.10
3 info using node@v6.11.1
4 verbose publish [ '.' ]
5 silly cache add args [ '.', null ]
6 verbose cache add spec .
7 silly cache add parsed spec Result {
7 silly cache add   raw: '.',
7 silly cache add   scope: null,
7 silly cache add   escapedName: null,
7 silly cache add   name: null,
7 silly cache add   rawSpec: '.',
7 silly cache add   spec: '/Users/guoshencheng/Documents/others/ayano/packages/ayano',
7 silly cache add   type: 'directory' }
8 verbose addLocalDirectory /Users/guoshencheng/.npm/ayano/0.0.1/package.tgz not in flight; packing
9 verbose correctMkdir /Users/guoshencheng/.npm correctMkdir not in flight; initializing
10 info lifecycle ayano@0.0.1~prepublish: ayano@0.0.1
11 silly lifecycle ayano@0.0.1~prepublish: no script for prepublish, continuing
12 verbose tar pack [ '/Users/guoshencheng/.npm/ayano/0.0.1/package.tgz',
12 verbose tar pack   '/Users/guoshencheng/Documents/others/ayano/packages/ayano' ]
13 verbose tarball /Users/guoshencheng/.npm/ayano/0.0.1/package.tgz
14 verbose folder /Users/guoshencheng/Documents/others/ayano/packages/ayano
15 verbose addLocalTarball adding from inside cache /Users/guoshencheng/.npm/ayano/0.0.1/package.tgz
16 verbose correctMkdir /Users/guoshencheng/.npm correctMkdir not in flight; initializing
17 silly cache afterAdd ayano@0.0.1
18 verbose afterAdd /Users/guoshencheng/.npm/ayano/0.0.1/package/package.json not in flight; writing
19 verbose correctMkdir /Users/guoshencheng/.npm correctMkdir not in flight; initializing
20 verbose afterAdd /Users/guoshencheng/.npm/ayano/0.0.1/package/package.json written
21 silly publish { name: 'ayano',
21 silly publish   version: '0.0.1',
21 silly publish   description: 'a command to create react app',
21 silly publish   scripts: {},
21 silly publish   bin: { ayano: 'bin/index.js' },
21 silly publish   main: 'lib/index.js',
21 silly publish   repository:
21 silly publish    { type: 'git',
21 silly publish      url: 'git+https://github.com/guoshencheng/ayano.git' },
21 silly publish   author: { name: 'century guo' },
21 silly publish   license: 'MIT',
21 silly publish   dependencies: { chalk: '^2.1.0', commander: '^2.11.0' },
21 silly publish   devDependencies: { 'babel-cli': '^6.26.0' },
21 silly publish   bugs: { url: 'https://github.com/guoshencheng/ayano/issues' },
21 silly publish   readme: 'ERROR: No README data found!',
21 silly publish   homepage: 'https://github.com/guoshencheng/ayano#readme',
21 silly publish   _id: 'ayano@0.0.1',
21 silly publish   _shasum: 'ef95358658fdbc496ebc953d1932deab19a0c430',
21 silly publish   _from: '.' }
22 verbose getPublishConfig undefined
23 silly mapToRegistry name ayano
24 silly mapToRegistry using default registry
25 silly mapToRegistry registry https://registry.npmjs.org/
26 silly mapToRegistry data Result {
26 silly mapToRegistry   raw: 'ayano',
26 silly mapToRegistry   scope: null,
26 silly mapToRegistry   escapedName: 'ayano',
26 silly mapToRegistry   name: 'ayano',
26 silly mapToRegistry   rawSpec: '',
26 silly mapToRegistry   spec: 'latest',
26 silly mapToRegistry   type: 'tag' }
27 silly mapToRegistry uri https://registry.npmjs.org/ayano
28 verbose publish registryBase https://registry.npmjs.org/
29 silly publish uploading /Users/guoshencheng/.npm/ayano/0.0.1/package.tgz
30 verbose request uri https://registry.npmjs.org/ayano
31 verbose request sending authorization for write operation
32 info attempt registry request try #1 at 3:29:08 PM
33 verbose request using bearer token for auth
34 verbose request id 84639bd75716588e
35 http request PUT https://registry.npmjs.org/ayano
36 info retry will retry, error on last attempt: Error: connect ETIMEDOUT 151.101.72.162:443
37 info attempt registry request try #2 at 3:30:33 PM
38 verbose request using bearer token for auth
39 http request PUT https://registry.npmjs.org/ayano
40 http 403 https://registry.npmjs.org/ayano
41 verbose headers { 'content-type': 'application/json',
41 verbose headers   'cache-control': 'max-age=300',
41 verbose headers   'content-length': '95',
41 verbose headers   'accept-ranges': 'bytes',
41 verbose headers   date: 'Sun, 20 Aug 2017 07:34:39 GMT',
41 verbose headers   via: '1.1 varnish',
41 verbose headers   connection: 'keep-alive',
41 verbose headers   'x-served-by': 'cache-nrt6127-NRT',
41 verbose headers   'x-cache': 'MISS',
41 verbose headers   'x-cache-hits': '0',
41 verbose headers   'x-timer': 'S1503214479.018659,VS0,VE702',
41 verbose headers   vary: 'Accept-Encoding, Accept' }
42 verbose request invalidating /Users/guoshencheng/.npm/registry.npmjs.org/ayano on PUT
43 error publish Failed PUT 403
44 verbose stack Error: "You cannot publish over the previously published version 0.0.1." : ayano
44 verbose stack     at makeError (/usr/local/lib/node_modules/npm/node_modules/npm-registry-client/lib/request.js:302:12)
44 verbose stack     at CachingRegistryClient.<anonymous> (/usr/local/lib/node_modules/npm/node_modules/npm-registry-client/lib/request.js:290:14)
44 verbose stack     at Request._callback (/usr/local/lib/node_modules/npm/node_modules/npm-registry-client/lib/request.js:210:14)
44 verbose stack     at Request.self.callback (/usr/local/lib/node_modules/npm/node_modules/request/request.js:187:22)
44 verbose stack     at emitTwo (events.js:106:13)
44 verbose stack     at Request.emit (events.js:191:7)
44 verbose stack     at Request.<anonymous> (/usr/local/lib/node_modules/npm/node_modules/request/request.js:1048:10)
44 verbose stack     at emitOne (events.js:96:13)
44 verbose stack     at Request.emit (events.js:188:7)
44 verbose stack     at IncomingMessage.<anonymous> (/usr/local/lib/node_modules/npm/node_modules/request/request.js:969:12)
45 verbose statusCode 403
46 verbose pkgid ayano
47 verbose cwd /Users/guoshencheng/Documents/others/ayano/packages/ayano
48 error Darwin 16.7.0
49 error argv "/usr/local/bin/node" "/usr/local/bin/npm" "publish" "--tag" "latest"
50 error node v6.11.1
51 error npm  v3.10.10
52 error code E403
53 error "You cannot publish over the previously published version 0.0.1." : ayano
54 error If you need help, you may report this error at:
54 error     <https://github.com/npm/npm/issues>
55 verbose exit [ 1, true ]
